E:\BRYANLIU\C++PROJECT\STOCKAPP\DEBUG\STOCKAPP.EXE
E:\BRYANLIU\C++PROJECT\STOCKAPP\DEBUG\STOCKAPP.ILK
E:\BRYANLIU\C++PROJECT\STOCKAPP\DEBUG\STOCKAPP.PDB
E:\Bryanliu\C++project\StockApp\StockApp\Debug\cl.command.1.tlog
E:\Bryanliu\C++project\StockApp\StockApp\Debug\CL.read.1.tlog
E:\Bryanliu\C++project\StockApp\StockApp\Debug\CL.write.1.tlog
E:\BRYANLIU\C++PROJECT\STOCKAPP\STOCKAPP\DEBUG\CSVFILECREATE.OBJ
E:\Bryanliu\C++project\StockApp\StockApp\Debug\link.command.1.tlog
E:\Bryanliu\C++project\StockApp\StockApp\Debug\link.read.1.tlog
E:\Bryanliu\C++project\StockApp\StockApp\Debug\link.write.1.tlog
E:\Bryanliu\C++project\StockApp\StockApp\Debug\link-cvtres.read.1.tlog
E:\Bryanliu\C++project\StockApp\StockApp\Debug\link-cvtres.write.1.tlog
E:\Bryanliu\C++project\StockApp\StockApp\Debug\mt.command.1.tlog
E:\Bryanliu\C++project\StockApp\StockApp\Debug\mt.read.1.tlog
E:\Bryanliu\C++project\StockApp\StockApp\Debug\mt.write.1.tlog
E:\Bryanliu\C++project\StockApp\StockApp\Debug\rc.command.1.tlog
E:\Bryanliu\C++project\StockApp\StockApp\Debug\rc.read.1.tlog
E:\Bryanliu\C++project\StockApp\StockApp\Debug\rc.write.1.tlog
E:\BRYANLIU\C++PROJECT\STOCKAPP\STOCKAPP\DEBUG\SPREADPROFIT.OBJ
E:\BRYANLIU\C++PROJECT\STOCKAPP\STOCKAPP\DEBUG\STDAFX.OBJ
E:\BRYANLIU\C++PROJECT\STOCKAPP\STOCKAPP\DEBUG\STOCKAPP.EXE.EMBED.MANIFEST
E:\BRYANLIU\C++PROJECT\STOCKAPP\STOCKAPP\DEBUG\STOCKAPP.EXE.EMBED.MANIFEST.RES
E:\BRYANLIU\C++PROJECT\STOCKAPP\STOCKAPP\DEBUG\STOCKAPP.EXE.INTERMEDIATE.MANIFEST
E:\BRYANLIU\C++PROJECT\STOCKAPP\STOCKAPP\DEBUG\STOCKAPP.OBJ
E:\BRYANLIU\C++PROJECT\STOCKAPP\STOCKAPP\DEBUG\STOCKAPP.PCH
E:\BRYANLIU\C++PROJECT\STOCKAPP\STOCKAPP\DEBUG\STOCKAPP.RES
E:\Bryanliu\C++project\StockApp\StockApp\Debug\StockApp.write.1.tlog
E:\Bryanliu\C++project\StockApp\StockApp\Debug\StockApp_manifest.rc
E:\BRYANLIU\C++PROJECT\STOCKAPP\STOCKAPP\DEBUG\STOCKAPPDLG.OBJ
E:\Bryanliu\C++project\StockApp\StockApp\Debug\vc100.idb
E:\BRYANLIU\C++PROJECT\STOCKAPP\STOCKAPP\DEBUG\VC100.PDB
