已經開始建置於 2014/8/27 下午 03:45:01。
     1>節點 2 (build 目標) 上的專案 "E:\Bryanliu\C++project\StockApp\StockApp\StockApp.vcxproj"。
     1>InitializeBuildStatus:
         由於指定了 "AlwaysCreate"，因此正在建立 "Debug\StockApp.unsuccessfulbuild"。
       ClCompile:
         C:\Program Files (x86)\Microsoft Visual Studio 10.0\VC\bin\CL.exe /c /ZI /nologo /W3 /WX- /Od /Oy- /D WIN32 /D _WINDOWS /D _DEBUG /D _UNICODE /D UNICODE /Gm /EHsc /RTC1 /MTd /GS /fp:precise /Zc:wchar_t /Zc:forScope /Yc"StdAfx.h" /Fp"Debug\StockApp.pch" /Fo"Debug\\" /Fd"Debug\vc100.pdb" /Gd /TP /analyze- /errorReport:prompt stdafx.cpp
         stdafx.cpp
         C:\Program Files (x86)\Microsoft Visual Studio 10.0\VC\bin\CL.exe /c /ZI /nologo /W3 /WX- /Od /Oy- /D WIN32 /D _WINDOWS /D _DEBUG /D _UNICODE /D UNICODE /Gm /EHsc /RTC1 /MTd /GS /fp:precise /Zc:wchar_t /Zc:forScope /Yu"StdAfx.h" /Fp"Debug\StockApp.pch" /Fo"Debug\\" /Fd"Debug\vc100.pdb" /Gd /TP /analyze- /errorReport:prompt CSVFileCreate.cpp SpreadProfit.cpp StockApp.cpp StockAppDlg.cpp
         StockAppDlg.cpp
     1>e:\bryanliu\c++project\stockapp\stockapp\stockappdlg.cpp(223): warning C4244: '引數' : 將 'int' 轉換為 'float'，由於型別不同，可能導致資料遺失
     1>e:\bryanliu\c++project\stockapp\stockapp\stockappdlg.cpp(228): warning C4305: '引數' : 從 'double' 轉換為 'float'，是由較大的型別轉換為較小的型別，可能導致資料遺失
     1>e:\bryanliu\c++project\stockapp\stockapp\stockappdlg.cpp(233): warning C4305: '引數' : 從 'double' 轉換為 'float'，是由較大的型別轉換為較小的型別，可能導致資料遺失
     1>e:\bryanliu\c++project\stockapp\stockapp\stockappdlg.cpp(209): warning C4101: 'InputPrice' : 未參考的區域變數
     1>e:\bryanliu\c++project\stockapp\stockapp\stockappdlg.cpp(274): warning C4305: '正在初始化' : 從 'double' 轉換為 'const float'，是由較大的型別轉換為較小的型別，可能導致資料遺失
     1>e:\bryanliu\c++project\stockapp\stockapp\stockappdlg.cpp(275): warning C4305: '正在初始化' : 從 'double' 轉換為 'const float'，是由較大的型別轉換為較小的型別，可能導致資料遺失
     1>e:\bryanliu\c++project\stockapp\stockapp\stockappdlg.cpp(276): warning C4305: '正在初始化' : 從 'double' 轉換為 'const float'，是由較大的型別轉換為較小的型別，可能導致資料遺失
     1>e:\bryanliu\c++project\stockapp\stockapp\stockappdlg.cpp(437): warning C4244: '引數' : 將 'double' 轉換為 'float'，由於型別不同，可能導致資料遺失
     1>e:\bryanliu\c++project\stockapp\stockapp\stockappdlg.cpp(438): warning C4244: '引數' : 將 'double' 轉換為 'float'，由於型別不同，可能導致資料遺失
     1>e:\bryanliu\c++project\stockapp\stockapp\stockappdlg.cpp(438): warning C4244: '引數' : 將 'double' 轉換為 'float'，由於型別不同，可能導致資料遺失
     1>e:\bryanliu\c++project\stockapp\stockapp\stockappdlg.cpp(440): warning C4244: '引數' : 將 'double' 轉換為 'float'，由於型別不同，可能導致資料遺失
     1>e:\bryanliu\c++project\stockapp\stockapp\stockappdlg.cpp(444): warning C4244: '引數' : 將 'double' 轉換為 'float'，由於型別不同，可能導致資料遺失
     1>e:\bryanliu\c++project\stockapp\stockapp\stockappdlg.cpp(444): warning C4244: '=' : 將 'double' 轉換為 'float'，由於型別不同，可能導致資料遺失
     1>e:\bryanliu\c++project\stockapp\stockapp\stockappdlg.cpp(467): warning C4244: '引數' : 將 'double' 轉換為 'float'，由於型別不同，可能導致資料遺失
     1>e:\bryanliu\c++project\stockapp\stockapp\stockappdlg.cpp(474): warning C4244: '=' : 將 'double' 轉換為 'float'，由於型別不同，可能導致資料遺失
     1>e:\bryanliu\c++project\stockapp\stockapp\stockappdlg.cpp(511): warning C4305: '引數' : 從 'double' 轉換為 'float'，是由較大的型別轉換為較小的型別，可能導致資料遺失
     1>e:\bryanliu\c++project\stockapp\stockapp\stockappdlg.cpp(516): warning C4305: '引數' : 從 'double' 轉換為 'float'，是由較大的型別轉換為較小的型別，可能導致資料遺失
     1>e:\bryanliu\c++project\stockapp\stockapp\stockappdlg.cpp(526): warning C4305: '正在初始化' : 從 'double' 轉換為 'const float'，是由較大的型別轉換為較小的型別，可能導致資料遺失
     1>e:\bryanliu\c++project\stockapp\stockapp\stockappdlg.cpp(527): warning C4305: '正在初始化' : 從 'double' 轉換為 'const float'，是由較大的型別轉換為較小的型別，可能導致資料遺失
     1>e:\bryanliu\c++project\stockapp\stockapp\stockappdlg.cpp(528): warning C4305: '正在初始化' : 從 'double' 轉換為 'const float'，是由較大的型別轉換為較小的型別，可能導致資料遺失
     1>e:\bryanliu\c++project\stockapp\stockapp\stockappdlg.cpp(684): warning C4244: '引數' : 將 'double' 轉換為 'float'，由於型別不同，可能導致資料遺失
     1>e:\bryanliu\c++project\stockapp\stockapp\stockappdlg.cpp(691): warning C4244: '=' : 將 'double' 轉換為 'float'，由於型別不同，可能導致資料遺失
         StockApp.cpp
         SpreadProfit.cpp
     1>e:\bryanliu\c++project\stockapp\stockapp\spreadprofit.cpp(82): warning C4800: 'BOOL' : 強制將 bool 的值定為 'true' 或 'false' (效能警告)
     1>e:\bryanliu\c++project\stockapp\stockapp\spreadprofit.cpp(139): warning C4996: 'sprintf': This function or variable may be unsafe. Consider using sprintf_s instead. To disable deprecation, use _CRT_SECURE_NO_WARNINGS. See online help for details.
                 c:\program files (x86)\microsoft visual studio 10.0\vc\include\stdio.h(371) : 請參閱 'sprintf' 的宣告
     1>e:\bryanliu\c++project\stockapp\stockapp\spreadprofit.cpp(152): warning C4244: '=' : 將 'double' 轉換為 'int'，由於型別不同，可能導致資料遺失
     1>e:\bryanliu\c++project\stockapp\stockapp\spreadprofit.cpp(175): warning C4244: '=' : 將 'double' 轉換為 'float'，由於型別不同，可能導致資料遺失
     1>e:\bryanliu\c++project\stockapp\stockapp\spreadprofit.cpp(178): warning C4244: '=' : 將 'double' 轉換為 'float'，由於型別不同，可能導致資料遺失
     1>e:\bryanliu\c++project\stockapp\stockapp\spreadprofit.cpp(181): warning C4244: '=' : 將 'double' 轉換為 'int'，由於型別不同，可能導致資料遺失
     1>e:\bryanliu\c++project\stockapp\stockapp\spreadprofit.cpp(184): warning C4244: '=' : 將 'double' 轉換為 'float'，由於型別不同，可能導致資料遺失
     1>e:\bryanliu\c++project\stockapp\stockapp\spreadprofit.cpp(187): warning C4244: '=' : 將 'double' 轉換為 'float'，由於型別不同，可能導致資料遺失
     1>e:\bryanliu\c++project\stockapp\stockapp\spreadprofit.cpp(190): warning C4244: '=' : 將 'double' 轉換為 'float'，由於型別不同，可能導致資料遺失
     1>e:\bryanliu\c++project\stockapp\stockapp\spreadprofit.cpp(326): warning C4305: 'return' : 從 'double' 轉換為 'float'，是由較大的型別轉換為較小的型別，可能導致資料遺失
     1>e:\bryanliu\c++project\stockapp\stockapp\spreadprofit.cpp(330): warning C4305: 'return' : 從 'double' 轉換為 'float'，是由較大的型別轉換為較小的型別，可能導致資料遺失
     1>e:\bryanliu\c++project\stockapp\stockapp\spreadprofit.cpp(334): warning C4305: 'return' : 從 'double' 轉換為 'float'，是由較大的型別轉換為較小的型別，可能導致資料遺失
         CSVFileCreate.cpp
     1>e:\bryanliu\c++project\stockapp\stockapp\csvfilecreate.cpp(47): warning C4996: 'sprintf': This function or variable may be unsafe. Consider using sprintf_s instead. To disable deprecation, use _CRT_SECURE_NO_WARNINGS. See online help for details.
                 c:\program files (x86)\microsoft visual studio 10.0\vc\include\stdio.h(371) : 請參閱 'sprintf' 的宣告
     1>e:\bryanliu\c++project\stockapp\stockapp\csvfilecreate.cpp(51): warning C4996: 'strtok': This function or variable may be unsafe. Consider using strtok_s instead. To disable deprecation, use _CRT_SECURE_NO_WARNINGS. See online help for details.
                 c:\program files (x86)\microsoft visual studio 10.0\vc\include\string.h(197) : 請參閱 'strtok' 的宣告
     1>e:\bryanliu\c++project\stockapp\stockapp\csvfilecreate.cpp(57): warning C4996: 'sprintf': This function or variable may be unsafe. Consider using sprintf_s instead. To disable deprecation, use _CRT_SECURE_NO_WARNINGS. See online help for details.
                 c:\program files (x86)\microsoft visual studio 10.0\vc\include\stdio.h(371) : 請參閱 'sprintf' 的宣告
     1>e:\bryanliu\c++project\stockapp\stockapp\csvfilecreate.cpp(60): warning C4244: '=' : 將 'double' 轉換為 'float'，由於型別不同，可能導致資料遺失
     1>e:\bryanliu\c++project\stockapp\stockapp\csvfilecreate.cpp(79): warning C4996: 'strtok': This function or variable may be unsafe. Consider using strtok_s instead. To disable deprecation, use _CRT_SECURE_NO_WARNINGS. See online help for details.
                 c:\program files (x86)\microsoft visual studio 10.0\vc\include\string.h(197) : 請參閱 'strtok' 的宣告
     1>e:\bryanliu\c++project\stockapp\stockapp\csvfilecreate.cpp(83): warning C4244: '=' : 將 'float' 轉換為 'int'，由於型別不同，可能導致資料遺失
     1>e:\bryanliu\c++project\stockapp\stockapp\csvfilecreate.cpp(98): warning C4996: 'fopen': This function or variable may be unsafe. Consider using fopen_s instead. To disable deprecation, use _CRT_SECURE_NO_WARNINGS. See online help for details.
                 c:\program files (x86)\microsoft visual studio 10.0\vc\include\stdio.h(234) : 請參閱 'fopen' 的宣告
     1>e:\bryanliu\c++project\stockapp\stockapp\csvfilecreate.cpp(99): warning C4996: 'fopen': This function or variable may be unsafe. Consider using fopen_s instead. To disable deprecation, use _CRT_SECURE_NO_WARNINGS. See online help for details.
                 c:\program files (x86)\microsoft visual studio 10.0\vc\include\stdio.h(234) : 請參閱 'fopen' 的宣告
     1>e:\bryanliu\c++project\stockapp\stockapp\csvfilecreate.cpp(94): warning C4101: 'skip1' : 未參考的區域變數
     1>e:\bryanliu\c++project\stockapp\stockapp\csvfilecreate.cpp(100): warning C4101: 'pch' : 未參考的區域變數
     1>e:\bryanliu\c++project\stockapp\stockapp\csvfilecreate.cpp(94): warning C4101: 'skip2' : 未參考的區域變數
     1>e:\bryanliu\c++project\stockapp\stockapp\csvfilecreate.cpp(94): warning C4101: 'skip3' : 未參考的區域變數
     1>e:\bryanliu\c++project\stockapp\stockapp\csvfilecreate.cpp(181): warning C4996: 'sprintf': This function or variable may be unsafe. Consider using sprintf_s instead. To disable deprecation, use _CRT_SECURE_NO_WARNINGS. See online help for details.
                 c:\program files (x86)\microsoft visual studio 10.0\vc\include\stdio.h(371) : 請參閱 'sprintf' 的宣告
     1>e:\bryanliu\c++project\stockapp\stockapp\csvfilecreate.cpp(182): warning C4996: 'sprintf': This function or variable may be unsafe. Consider using sprintf_s instead. To disable deprecation, use _CRT_SECURE_NO_WARNINGS. See online help for details.
                 c:\program files (x86)\microsoft visual studio 10.0\vc\include\stdio.h(371) : 請參閱 'sprintf' 的宣告
     1>e:\bryanliu\c++project\stockapp\stockapp\csvfilecreate.cpp(192): warning C4996: 'strtok': This function or variable may be unsafe. Consider using strtok_s instead. To disable deprecation, use _CRT_SECURE_NO_WARNINGS. See online help for details.
                 c:\program files (x86)\microsoft visual studio 10.0\vc\include\string.h(197) : 請參閱 'strtok' 的宣告
     1>e:\bryanliu\c++project\stockapp\stockapp\csvfilecreate.cpp(196): warning C4996: 'strtok': This function or variable may be unsafe. Consider using strtok_s instead. To disable deprecation, use _CRT_SECURE_NO_WARNINGS. See online help for details.
                 c:\program files (x86)\microsoft visual studio 10.0\vc\include\string.h(197) : 請參閱 'strtok' 的宣告
     1>e:\bryanliu\c++project\stockapp\stockapp\csvfilecreate.cpp(209): warning C4996: 'fopen': This function or variable may be unsafe. Consider using fopen_s instead. To disable deprecation, use _CRT_SECURE_NO_WARNINGS. See online help for details.
                 c:\program files (x86)\microsoft visual studio 10.0\vc\include\stdio.h(234) : 請參閱 'fopen' 的宣告
     1>e:\bryanliu\c++project\stockapp\stockapp\csvfilecreate.cpp(217): warning C4129: '%' : 無法辨識的字元逸出序列
     1>e:\bryanliu\c++project\stockapp\stockapp\csvfilecreate.cpp(217): warning C4996: 'sprintf': This function or variable may be unsafe. Consider using sprintf_s instead. To disable deprecation, use _CRT_SECURE_NO_WARNINGS. See online help for details.
                 c:\program files (x86)\microsoft visual studio 10.0\vc\include\stdio.h(371) : 請參閱 'sprintf' 的宣告
     1>e:\bryanliu\c++project\stockapp\stockapp\csvfilecreate.cpp(218): warning C4996: 'fopen': This function or variable may be unsafe. Consider using fopen_s instead. To disable deprecation, use _CRT_SECURE_NO_WARNINGS. See online help for details.
                 c:\program files (x86)\microsoft visual studio 10.0\vc\include\stdio.h(234) : 請參閱 'fopen' 的宣告
     1>e:\bryanliu\c++project\stockapp\stockapp\csvfilecreate.cpp(207): warning C4101: 'skip1' : 未參考的區域變數
     1>e:\bryanliu\c++project\stockapp\stockapp\csvfilecreate.cpp(213): warning C4101: 'pch' : 未參考的區域變數
     1>e:\bryanliu\c++project\stockapp\stockapp\csvfilecreate.cpp(207): warning C4101: 'skip2' : 未參考的區域變數
     1>e:\bryanliu\c++project\stockapp\stockapp\csvfilecreate.cpp(207): warning C4101: 'skip3' : 未參考的區域變數
         正在產生程式碼...
     1>e:\bryanliu\c++project\stockapp\stockapp\spreadprofit.cpp(349): warning C4715: 'SpreadProfit::CalChangeUnit' : 不是所有控制路徑都傳回值
       ResourceCompile:
         C:\Program Files (x86)\Microsoft SDKs\Windows\v7.0A\bin\rc.exe /D _DEBUG /D _UNICODE /D UNICODE /l"0x0404" /IDebug\ /nologo /fo"Debug\StockApp.res" StockApp.rc 
       ManifestResourceCompile:
         C:\Program Files (x86)\Microsoft SDKs\Windows\v7.0A\bin\rc.exe /nologo /fo"Debug\StockApp.exe.embed.manifest.res" Debug\StockApp_manifest.rc 
       Link:
         C:\Program Files (x86)\Microsoft Visual Studio 10.0\VC\bin\link.exe /ERRORREPORT:PROMPT /OUT:"E:\Bryanliu\C++project\StockApp\Debug\StockApp.exe" /INCREMENTAL /NOLOGO /MANIFEST /ManifestFile:"Debug\StockApp.exe.intermediate.manifest" /MANIFESTUAC:"level='asInvoker' uiAccess='false'" /DEBUG /PDB:"E:\Bryanliu\C++project\StockApp\Debug\StockApp.pdb" /SUBSYSTEM:WINDOWS /TLBID:1 /ENTRY:"wWinMainCRTStartup" /DYNAMICBASE /NXCOMPAT /IMPLIB:"E:\Bryanliu\C++project\StockApp\Debug\StockApp.lib" /MACHINE:X86 Debug\StockApp.res
         Debug\StockApp.exe.embed.manifest.res
         Debug\CSVFileCreate.obj
         Debug\SpreadProfit.obj
         Debug\stdafx.obj
         Debug\StockApp.obj
         Debug\StockAppDlg.obj
       Manifest:
         C:\Program Files (x86)\Microsoft SDKs\Windows\v7.0A\bin\mt.exe /nologo /verbose /out:"Debug\StockApp.exe.embed.manifest" /manifest Debug\StockApp.exe.intermediate.manifest "C:\Program Files (x86)\Microsoft Visual Studio 10.0\VC\Include\Manifest\dpiaware.manifest"
         C:\Program Files (x86)\Microsoft SDKs\Windows\v7.0A\bin\rc.exe /nologo /fo"Debug\StockApp.exe.embed.manifest.res" Debug\StockApp_manifest.rc 
       LinkEmbedManifest:
         C:\Program Files (x86)\Microsoft Visual Studio 10.0\VC\bin\link.exe /ERRORREPORT:PROMPT /OUT:"E:\Bryanliu\C++project\StockApp\Debug\StockApp.exe" /INCREMENTAL /NOLOGO /MANIFEST /ManifestFile:"Debug\StockApp.exe.intermediate.manifest" /MANIFESTUAC:"level='asInvoker' uiAccess='false'" /DEBUG /PDB:"E:\Bryanliu\C++project\StockApp\Debug\StockApp.pdb" /SUBSYSTEM:WINDOWS /TLBID:1 /ENTRY:"wWinMainCRTStartup" /DYNAMICBASE /NXCOMPAT /IMPLIB:"E:\Bryanliu\C++project\StockApp\Debug\StockApp.lib" /MACHINE:X86 Debug\StockApp.res
         Debug\StockApp.exe.embed.manifest.res
         Debug\CSVFileCreate.obj
         Debug\SpreadProfit.obj
         Debug\stdafx.obj
         Debug\StockApp.obj
         Debug\StockAppDlg.obj
         StockApp.vcxproj -> E:\Bryanliu\C++project\StockApp\Debug\StockApp.exe
       FinalizeBuildStatus:
         正在刪除檔案 "Debug\StockApp.unsuccessfulbuild"。
         正在變更時間戳記 "Debug\StockApp.lastbuildstate"。
     1>專案 "E:\Bryanliu\C++project\StockApp\StockApp\StockApp.vcxproj" (build 目標) 建置完成。

建置成功。

經過時間 00:00:06.79
